{"/Users/accraze/Sites/leaflet-draw-server/server.js":{"path":"/Users/accraze/Sites/leaflet-draw-server/server.js","s":{"1":1,"2":1,"3":1,"4":1,"5":1,"6":1,"7":1,"8":1,"9":1,"10":1,"11":1,"12":1,"13":0,"14":1,"15":0,"16":0,"17":0,"18":0,"19":0,"20":0,"21":1,"22":0,"23":0,"24":1,"25":1,"26":0,"27":1,"28":0},"b":{},"f":{"1":0,"2":0,"3":0,"4":0,"5":0,"6":0,"7":0,"8":0},"fnMap":{"1":{"name":"(anonymous_1)","line":17,"loc":{"start":{"line":17,"column":13},"end":{"line":17,"column":33}}},"2":{"name":"(anonymous_2)","line":21,"loc":{"start":{"line":21,"column":18},"end":{"line":21,"column":38}}},"3":{"name":"(anonymous_3)","line":25,"loc":{"start":{"line":25,"column":19},"end":{"line":25,"column":35}}},"4":{"name":"(anonymous_4)","line":29,"loc":{"start":{"line":29,"column":20},"end":{"line":29,"column":31}}},"5":{"name":"(anonymous_5)","line":34,"loc":{"start":{"line":34,"column":19},"end":{"line":34,"column":39}}},"6":{"name":"(anonymous_6)","line":35,"loc":{"start":{"line":35,"column":44},"end":{"line":35,"column":56}}},"7":{"name":"(anonymous_7)","line":42,"loc":{"start":{"line":42,"column":17},"end":{"line":42,"column":28}}},"8":{"name":"newKey","line":46,"loc":{"start":{"line":46,"column":0},"end":{"line":46,"column":18}}}},"statementMap":{"1":{"start":{"line":2,"column":0},"end":{"line":2,"column":29}},"2":{"start":{"line":3,"column":0},"end":{"line":3,"column":33}},"3":{"start":{"line":4,"column":0},"end":{"line":4,"column":40}},"4":{"start":{"line":6,"column":0},"end":{"line":6,"column":34}},"5":{"start":{"line":7,"column":0},"end":{"line":7,"column":23}},"6":{"start":{"line":9,"column":0},"end":{"line":9,"column":47}},"7":{"start":{"line":10,"column":0},"end":{"line":10,"column":78}},"8":{"start":{"line":11,"column":0},"end":{"line":11,"column":88}},"9":{"start":{"line":12,"column":0},"end":{"line":12,"column":27}},"10":{"start":{"line":14,"column":0},"end":{"line":14,"column":45}},"11":{"start":{"line":15,"column":0},"end":{"line":15,"column":30}},"12":{"start":{"line":17,"column":0},"end":{"line":19,"column":3}},"13":{"start":{"line":18,"column":1},"end":{"line":18,"column":25}},"14":{"start":{"line":21,"column":0},"end":{"line":32,"column":3}},"15":{"start":{"line":22,"column":1},"end":{"line":22,"column":36}},"16":{"start":{"line":23,"column":1},"end":{"line":23,"column":16}},"17":{"start":{"line":25,"column":1},"end":{"line":27,"column":4}},"18":{"start":{"line":26,"column":2},"end":{"line":26,"column":37}},"19":{"start":{"line":29,"column":1},"end":{"line":31,"column":4}},"20":{"start":{"line":30,"column":2},"end":{"line":30,"column":18}},"21":{"start":{"line":34,"column":0},"end":{"line":38,"column":3}},"22":{"start":{"line":35,"column":1},"end":{"line":37,"column":4}},"23":{"start":{"line":36,"column":2},"end":{"line":36,"column":31}},"24":{"start":{"line":40,"column":0},"end":{"line":40,"column":21}},"25":{"start":{"line":42,"column":0},"end":{"line":44,"column":3}},"26":{"start":{"line":43,"column":1},"end":{"line":43,"column":46}},"27":{"start":{"line":46,"column":0},"end":{"line":48,"column":1}},"28":{"start":{"line":47,"column":1},"end":{"line":47,"column":45}}},"branchMap":{}}}